JPushExample/build/outputs/logs/manifest-merger-debug-report.txt
-- Merging decision tree log ---
manifest
ADDED from MyApplication\JPushExample\AndroidManifest.xml:2:1-164:12
	package
		ADDED from MyApplication\JPushExample\AndroidManifest.xml:3:5-36
	android:versionName
		ADDED from MyApplication\JPushExample\AndroidManifest.xml:5:5-32
		INJECTED from MyApplication\JPushExample\AndroidManifest.xml
		INJECTED from MyApplication\JPushExample\AndroidManifest.xml
	android:versionCode
		ADDED from MyApplication\JPushExample\AndroidManifest.xml:4:5-30
		INJECTED from MyApplication\JPushExample\AndroidManifest.xml
		INJECTED from MyApplication\JPushExample\AndroidManifest.xml
	xmlns:android
		ADDED from MyApplication\JPushExample\AndroidManifest.xml:2:11-69
uses-sdk
ADDED from MyApplication\JPushExample\AndroidManifest.xml:7:5-73
	android:targetSdkVersion
		ADDED from MyApplication\JPushExample\AndroidManifest.xml:7:41-70
	android:minSdkVersion
		ADDED from MyApplication\JPushExample\AndroidManifest.xml:7:15-40
permission#com.example.jpushdemo.permission.JPUSH_MESSAGE
ADDED from MyApplication\JPushExample\AndroidManifest.xml:8:5-10:47
	android:protectionLevel
		ADDED from MyApplication\JPushExample\AndroidManifest.xml:10:9-44
	android:name
		ADDED from MyApplication\JPushExample\AndroidManifest.xml:9:9-70
uses-permission#com.example.jpushdemo.permission.JPUSH_MESSAGE
ADDED from MyApplication\JPushExample\AndroidManifest.xml:12:5-86
	android:name
		ADDED from MyApplication\JPushExample\AndroidManifest.xml:12:22-83
uses-permission#android.permission.RECEIVE_USER_PRESENT
ADDED from MyApplication\JPushExample\AndroidManifest.xml:13:5-79
	android:name
		ADDED from MyApplication\JPushExample\AndroidManifest.xml:13:22-76
uses-permission#android.permission.INTERNET
ADDED from MyApplication\JPushExample\AndroidManifest.xml:14:5-67
	android:name
		ADDED from MyApplication\JPushExample\AndroidManifest.xml:14:22-64
uses-permission#android.permission.WAKE_LOCK
ADDED from MyApplication\JPushExample\AndroidManifest.xml:15:5-68
	android:name
		ADDED from MyApplication\JPushExample\AndroidManifest.xml:15:22-65
uses-permission#android.permission.READ_PHONE_STATE
ADDED from MyApplication\JPushExample\AndroidManifest.xml:16:5-75
	android:name
		ADDED from MyApplication\JPushExample\AndroidManifest.xml:16:22-72
uses-permission#android.permission.WRITE_EXTERNAL_STORAGE
ADDED from MyApplication\JPushExample\AndroidManifest.xml:17:5-81
	android:name
		ADDED from MyApplication\JPushExample\AndroidManifest.xml:17:22-78
uses-permission#android.permission.READ_EXTERNAL_STORAGE
ADDED from MyApplication\JPushExample\AndroidManifest.xml:18:5-80
	android:name
		ADDED from MyApplication\JPushExample\AndroidManifest.xml:18:22-77
uses-permission#android.permission.WRITE_SETTINGS
ADDED from MyApplication\JPushExample\AndroidManifest.xml:19:5-73
	android:name
		ADDED from MyApplication\JPushExample\AndroidManifest.xml:19:22-70
uses-permission#android.permission.VIBRATE
ADDED from MyApplication\JPushExample\AndroidManifest.xml:20:5-66
	android:name
		ADDED from MyApplication\JPushExample\AndroidManifest.xml:20:22-63
uses-permission#android.permission.MOUNT_UNMOUNT_FILESYSTEMS
ADDED from MyApplication\JPushExample\AndroidManifest.xml:21:5-84
	android:name
		ADDED from MyApplication\JPushExample\AndroidManifest.xml:21:22-81
uses-permission#android.permission.ACCESS_NETWORK_STATE
ADDED from MyApplication\JPushExample\AndroidManifest.xml:22:5-79
	android:name
		ADDED from MyApplication\JPushExample\AndroidManifest.xml:22:22-76
uses-permission#android.permission.ACCESS_WIFI_STATE
ADDED from MyApplication\JPushExample\AndroidManifest.xml:23:5-76
	android:name
		ADDED from MyApplication\JPushExample\AndroidManifest.xml:23:22-73
uses-permission#android.permission.ACCESS_COARSE_LOCATION
ADDED from MyApplication\JPushExample\AndroidManifest.xml:28:5-81
	android:name
		ADDED from MyApplication\JPushExample\AndroidManifest.xml:28:22-78
uses-permission#android.permission.CHANGE_WIFI_STATE
ADDED from MyApplication\JPushExample\AndroidManifest.xml:29:5-76
	android:name
		ADDED from MyApplication\JPushExample\AndroidManifest.xml:29:22-73
uses-permission#android.permission.ACCESS_FINE_LOCATION
ADDED from MyApplication\JPushExample\AndroidManifest.xml:30:5-79
	android:name
		ADDED from MyApplication\JPushExample\AndroidManifest.xml:30:22-76
uses-permission#android.permission.ACCESS_LOCATION_EXTRA_COMMANDS
ADDED from MyApplication\JPushExample\AndroidManifest.xml:31:5-89
	android:name
		ADDED from MyApplication\JPushExample\AndroidManifest.xml:31:22-86
uses-permission#android.permission.CHANGE_NETWORK_STATE
ADDED from MyApplication\JPushExample\AndroidManifest.xml:32:5-79
	android:name
		ADDED from MyApplication\JPushExample\AndroidManifest.xml:32:22-76
uses-permission#android.permission.GET_TASKS
ADDED from MyApplication\JPushExample\AndroidManifest.xml:33:5-68
	android:name
		ADDED from MyApplication\JPushExample\AndroidManifest.xml:33:22-65
application
ADDED from MyApplication\JPushExample\AndroidManifest.xml:35:5-163:19
	android:label
		ADDED from MyApplication\JPushExample\AndroidManifest.xml:38:9-41
	android:allowBackup
		ADDED from MyApplication\JPushExample\AndroidManifest.xml:37:9-35
	android:icon
		ADDED from MyApplication\JPushExample\AndroidManifest.xml:36:9-45
	android:name
		ADDED from MyApplication\JPushExample\AndroidManifest.xml:39:9-64
activity#com.example.jpushdemo.MainActivity
ADDED from MyApplication\JPushExample\AndroidManifest.xml:43:9-50:20
	android:label
		ADDED from MyApplication\JPushExample\AndroidManifest.xml:45:13-45
	android:name
		ADDED from MyApplication\JPushExample\AndroidManifest.xml:44:13-62
intent-filter#android.intent.action.MAIN+android.intent.category.LAUNCHER
ADDED from MyApplication\JPushExample\AndroidManifest.xml:46:13-49:29
action#android.intent.action.MAIN
ADDED from MyApplication\JPushExample\AndroidManifest.xml:47:17-69
	android:name
		ADDED from MyApplication\JPushExample\AndroidManifest.xml:47:25-66
category#android.intent.category.LAUNCHER
ADDED from MyApplication\JPushExample\AndroidManifest.xml:48:17-77
	android:name
		ADDED from MyApplication\JPushExample\AndroidManifest.xml:48:27-74
activity#com.example.jpushdemo.PushSetActivity
ADDED from MyApplication\JPushExample\AndroidManifest.xml:52:8-115
	android:label
		ADDED from MyApplication\JPushExample\AndroidManifest.xml:52:71-103
	android:name
		ADDED from MyApplication\JPushExample\AndroidManifest.xml:52:18-70
activity#com.example.jpushdemo.SettingActivity
ADDED from MyApplication\JPushExample\AndroidManifest.xml:54:8-115
	android:label
		ADDED from MyApplication\JPushExample\AndroidManifest.xml:54:71-103
	android:name
		ADDED from MyApplication\JPushExample\AndroidManifest.xml:54:18-70
activity#com.example.jpushdemo.TestActivity
ADDED from MyApplication\JPushExample\AndroidManifest.xml:56:9-61:20
	android:exported
		ADDED from MyApplication\JPushExample\AndroidManifest.xml:56:69-93
	android:name
		ADDED from MyApplication\JPushExample\AndroidManifest.xml:56:19-68
intent-filter#jpush.testAction+jpush.testCategory
ADDED from MyApplication\JPushExample\AndroidManifest.xml:57:13-60:29
action#jpush.testAction
ADDED from MyApplication\JPushExample\AndroidManifest.xml:58:17-59
	android:name
		ADDED from MyApplication\JPushExample\AndroidManifest.xml:58:25-56
category#jpush.testCategory
ADDED from MyApplication\JPushExample\AndroidManifest.xml:59:17-63
	android:name
		ADDED from MyApplication\JPushExample\AndroidManifest.xml:59:27-60
activity#cn.jpush.android.ui.PopWinActivity
ADDED from MyApplication\JPushExample\AndroidManifest.xml:64:9-68:20
	android:exported
		ADDED from MyApplication\JPushExample\AndroidManifest.xml:67:13-37
	android:theme
		ADDED from MyApplication\JPushExample\AndroidManifest.xml:66:13-49
	android:name
		ADDED from MyApplication\JPushExample\AndroidManifest.xml:65:13-62
activity#cn.jpush.android.ui.PushActivity
ADDED from MyApplication\JPushExample\AndroidManifest.xml:71:9-81:20
	android:exported
		ADDED from MyApplication\JPushExample\AndroidManifest.xml:75:13-37
	android:configChanges
		ADDED from MyApplication\JPushExample\AndroidManifest.xml:73:13-63
	android:theme
		ADDED from MyApplication\JPushExample\AndroidManifest.xml:74:13-60
	android:name
		ADDED from MyApplication\JPushExample\AndroidManifest.xml:72:13-60
intent-filter#android.intent.category.DEFAULT+cn.jpush.android.ui.PushActivity+com.example.jpushdemo
ADDED from MyApplication\JPushExample\AndroidManifest.xml:76:13-80:29
action#cn.jpush.android.ui.PushActivity
ADDED from MyApplication\JPushExample\AndroidManifest.xml:77:17-75
	android:name
		ADDED from MyApplication\JPushExample\AndroidManifest.xml:77:25-72
category#android.intent.category.DEFAULT
ADDED from MyApplication\JPushExample\AndroidManifest.xml:78:17-76
	android:name
		ADDED from MyApplication\JPushExample\AndroidManifest.xml:78:27-73
category#com.example.jpushdemo
ADDED from MyApplication\JPushExample\AndroidManifest.xml:79:17-66
	android:name
		ADDED from MyApplication\JPushExample\AndroidManifest.xml:79:27-63
service#cn.jpush.android.service.DownloadService
ADDED from MyApplication\JPushExample\AndroidManifest.xml:83:9-87:19
	android:enabled
		ADDED from MyApplication\JPushExample\AndroidManifest.xml:85:13-35
	android:exported
		ADDED from MyApplication\JPushExample\AndroidManifest.xml:86:13-37
	android:name
		ADDED from MyApplication\JPushExample\AndroidManifest.xml:84:13-68
service#cn.jpush.android.service.PushService
ADDED from MyApplication\JPushExample\AndroidManifest.xml:92:9-102:19
	android:enabled
		ADDED from MyApplication\JPushExample\AndroidManifest.xml:94:13-35
	android:exported
		ADDED from MyApplication\JPushExample\AndroidManifest.xml:95:13-37
	android:name
		ADDED from MyApplication\JPushExample\AndroidManifest.xml:93:13-64
intent-filter#cn.jpush.android.intent.PUSH_TIME+cn.jpush.android.intent.PushService+cn.jpush.android.intent.REGISTER+cn.jpush.android.intent.REPORT
ADDED from MyApplication\JPushExample\AndroidManifest.xml:96:13-101:29
action#cn.jpush.android.intent.REGISTER
ADDED from MyApplication\JPushExample\AndroidManifest.xml:97:17-75
	android:name
		ADDED from MyApplication\JPushExample\AndroidManifest.xml:97:25-72
action#cn.jpush.android.intent.REPORT
ADDED from MyApplication\JPushExample\AndroidManifest.xml:98:17-73
	android:name
		ADDED from MyApplication\JPushExample\AndroidManifest.xml:98:25-70
action#cn.jpush.android.intent.PushService
ADDED from MyApplication\JPushExample\AndroidManifest.xml:99:17-78
	android:name
		ADDED from MyApplication\JPushExample\AndroidManifest.xml:99:25-75
action#cn.jpush.android.intent.PUSH_TIME
ADDED from MyApplication\JPushExample\AndroidManifest.xml:100:17-76
	android:name
		ADDED from MyApplication\JPushExample\AndroidManifest.xml:100:25-73
service#cn.jpush.android.service.DaemonService
ADDED from MyApplication\JPushExample\AndroidManifest.xml:106:9-115:19
	android:enabled
		ADDED from MyApplication\JPushExample\AndroidManifest.xml:108:13-35
	android:exported
		ADDED from MyApplication\JPushExample\AndroidManifest.xml:109:13-36
	android:name
		ADDED from MyApplication\JPushExample\AndroidManifest.xml:107:13-66
intent-filter#cn.jpush.android.intent.DaemonService+com.example.jpushdemo
ADDED from MyApplication\JPushExample\AndroidManifest.xml:110:13-113:29
action#cn.jpush.android.intent.DaemonService
ADDED from MyApplication\JPushExample\AndroidManifest.xml:111:17-80
	android:name
		ADDED from MyApplication\JPushExample\AndroidManifest.xml:111:25-77
receiver#cn.jpush.android.service.PushReceiver
ADDED from MyApplication\JPushExample\AndroidManifest.xml:118:9-137:20
	android:enabled
		ADDED from MyApplication\JPushExample\AndroidManifest.xml:120:13-35
	android:exported
		ADDED from MyApplication\JPushExample\AndroidManifest.xml:121:13-37
	android:name
		ADDED from MyApplication\JPushExample\AndroidManifest.xml:119:13-65
intent-filter#cn.jpush.android.intent.NOTIFICATION_RECEIVED_PROXY+com.example.jpushdemo
ADDED from MyApplication\JPushExample\AndroidManifest.xml:122:14-125:29
	android:priority
		ADDED from MyApplication\JPushExample\AndroidManifest.xml:122:29-52
action#cn.jpush.android.intent.NOTIFICATION_RECEIVED_PROXY
ADDED from MyApplication\JPushExample\AndroidManifest.xml:123:17-94
	android:name
		ADDED from MyApplication\JPushExample\AndroidManifest.xml:123:25-91
intent-filter#android.intent.action.USER_PRESENT+android.net.conn.CONNECTIVITY_CHANGE
ADDED from MyApplication\JPushExample\AndroidManifest.xml:126:13-129:29
action#android.intent.action.USER_PRESENT
ADDED from MyApplication\JPushExample\AndroidManifest.xml:127:17-77
	android:name
		ADDED from MyApplication\JPushExample\AndroidManifest.xml:127:25-74
action#android.net.conn.CONNECTIVITY_CHANGE
ADDED from MyApplication\JPushExample\AndroidManifest.xml:128:17-79
	android:name
		ADDED from MyApplication\JPushExample\AndroidManifest.xml:128:25-76
intent-filter#android.intent.action.PACKAGE_ADDED+android.intent.action.PACKAGE_REMOVED
ADDED from MyApplication\JPushExample\AndroidManifest.xml:131:13-135:29
action#android.intent.action.PACKAGE_ADDED
ADDED from MyApplication\JPushExample\AndroidManifest.xml:132:17-78
	android:name
		ADDED from MyApplication\JPushExample\AndroidManifest.xml:132:25-75
action#android.intent.action.PACKAGE_REMOVED
ADDED from MyApplication\JPushExample\AndroidManifest.xml:133:17-80
	android:name
		ADDED from MyApplication\JPushExample\AndroidManifest.xml:133:25-77
data
ADDED from MyApplication\JPushExample\AndroidManifest.xml:134:17-50
	android:scheme
		ADDED from MyApplication\JPushExample\AndroidManifest.xml:134:23-47
receiver#cn.jpush.android.service.AlarmReceiver
ADDED from MyApplication\JPushExample\AndroidManifest.xml:140:9-99
	android:exported
		ADDED from MyApplication\JPushExample\AndroidManifest.xml:140:73-97
	android:name
		ADDED from MyApplication\JPushExample\AndroidManifest.xml:140:19-72
receiver#com.example.jpushdemo.MyReceiver
ADDED from MyApplication\JPushExample\AndroidManifest.xml:143:9-156:20
	android:enabled
		ADDED from MyApplication\JPushExample\AndroidManifest.xml:146:13-35
	android:exported
		ADDED from MyApplication\JPushExample\AndroidManifest.xml:145:13-37
	android:name
		ADDED from MyApplication\JPushExample\AndroidManifest.xml:144:13-60
intent-filter#cn.jpush.android.intent.ACTION_RICHPUSH_CALLBACK+cn.jpush.android.intent.CONNECTION+cn.jpush.android.intent.MESSAGE_RECEIVED+cn.jpush.android.intent.NOTIFICATION_OPENED+cn.jpush.android.intent.NOTIFICATION_RECEIVED+cn.jpush.android.intent.REGISTRATION+com.example.jpushdemo
ADDED from MyApplication\JPushExample\AndroidManifest.xml:147:13-155:29
action#cn.jpush.android.intent.REGISTRATION
ADDED from MyApplication\JPushExample\AndroidManifest.xml:148:17-79
	android:name
		ADDED from MyApplication\JPushExample\AndroidManifest.xml:148:25-76
action#cn.jpush.android.intent.MESSAGE_RECEIVED
ADDED from MyApplication\JPushExample\AndroidManifest.xml:149:17-83
	android:name
		ADDED from MyApplication\JPushExample\AndroidManifest.xml:149:25-80
action#cn.jpush.android.intent.NOTIFICATION_RECEIVED
ADDED from MyApplication\JPushExample\AndroidManifest.xml:150:17-88
	android:name
		ADDED from MyApplication\JPushExample\AndroidManifest.xml:150:25-85
action#cn.jpush.android.intent.NOTIFICATION_OPENED
ADDED from MyApplication\JPushExample\AndroidManifest.xml:151:17-86
	android:name
		ADDED from MyApplication\JPushExample\AndroidManifest.xml:151:25-83
action#cn.jpush.android.intent.ACTION_RICHPUSH_CALLBACK
ADDED from MyApplication\JPushExample\AndroidManifest.xml:152:17-91
	android:name
		ADDED from MyApplication\JPushExample\AndroidManifest.xml:152:25-88
action#cn.jpush.android.intent.CONNECTION
ADDED from MyApplication\JPushExample\AndroidManifest.xml:153:17-77
	android:name
		ADDED from MyApplication\JPushExample\AndroidManifest.xml:153:25-74
meta-data#JPUSH_CHANNEL
ADDED from MyApplication\JPushExample\AndroidManifest.xml:160:9-84
	android:value
		ADDED from MyApplication\JPushExample\AndroidManifest.xml:160:49-82
	android:name
		ADDED from MyApplication\JPushExample\AndroidManifest.xml:160:20-48
meta-data#JPUSH_APPKEY
ADDED from MyApplication\JPushExample\AndroidManifest.xml:161:9-91
	android:value
		ADDED from MyApplication\JPushExample\AndroidManifest.xml:161:48-88
	android:name
		ADDED from MyApplication\JPushExample\AndroidManifest.xml:161:20-47